The system is: Linux - 4.15.0-1028-gcp - x86_64
Compiling the C compiler identification source file "CMakeCCompilerId.c" succeeded.
Compiler: /usr/local/clang-7.0.0/bin/clang 
Build flags: 
Id flags:  

The output was:
0


Compilation of the C compiler identification source "CMakeCCompilerId.c" produced "a.out"

The C compiler identification is Clang, found in "/home/travis/build/tnovits/print_ip/CMakeFiles/3.12.4/CompilerIdC/a.out"

Compiling the CXX compiler identification source file "CMakeCXXCompilerId.cpp" succeeded.
Compiler: /usr/local/clang-7.0.0/bin/clang++ 
Build flags: 
Id flags:  

The output was:
0


Compilation of the CXX compiler identification source "CMakeCXXCompilerId.cpp" produced "a.out"

The CXX compiler identification is Clang, found in "/home/travis/build/tnovits/print_ip/CMakeFiles/3.12.4/CompilerIdCXX/a.out"

Determining if the C compiler works passed with the following output:
Change Dir: /home/travis/build/tnovits/print_ip/CMakeFiles/CMakeTmp

Run Build Command:"/usr/bin/make" "cmTC_6e8c4/fast"
/usr/bin/make -f CMakeFiles/cmTC_6e8c4.dir/build.make CMakeFiles/cmTC_6e8c4.dir/build
make[1]: Entering directory '/home/travis/build/tnovits/print_ip/CMakeFiles/CMakeTmp'
Building C object CMakeFiles/cmTC_6e8c4.dir/testCCompiler.c.o
/usr/local/clang-7.0.0/bin/clang    -o CMakeFiles/cmTC_6e8c4.dir/testCCompiler.c.o   -c /home/travis/build/tnovits/print_ip/CMakeFiles/CMakeTmp/testCCompiler.c
Linking C executable cmTC_6e8c4
/usr/local/cmake-3.12.4/bin/cmake -E cmake_link_script CMakeFiles/cmTC_6e8c4.dir/link.txt --verbose=1
/usr/local/clang-7.0.0/bin/clang      CMakeFiles/cmTC_6e8c4.dir/testCCompiler.c.o  -o cmTC_6e8c4 
make[1]: Leaving directory '/home/travis/build/tnovits/print_ip/CMakeFiles/CMakeTmp'


Detecting C compiler ABI info compiled with the following output:
Change Dir: /home/travis/build/tnovits/print_ip/CMakeFiles/CMakeTmp

Run Build Command:"/usr/bin/make" "cmTC_fb6c0/fast"
/usr/bin/make -f CMakeFiles/cmTC_fb6c0.dir/build.make CMakeFiles/cmTC_fb6c0.dir/build
make[1]: Entering directory '/home/travis/build/tnovits/print_ip/CMakeFiles/CMakeTmp'
Building C object CMakeFiles/cmTC_fb6c0.dir/CMakeCCompilerABI.c.o
/usr/local/clang-7.0.0/bin/clang    -o CMakeFiles/cmTC_fb6c0.dir/CMakeCCompilerABI.c.o   -c /usr/local/cmake-3.12.4/share/cmake-3.12/Modules/CMakeCCompilerABI.c
Linking C executable cmTC_fb6c0
/usr/local/cmake-3.12.4/bin/cmake -E cmake_link_script CMakeFiles/cmTC_fb6c0.dir/link.txt --verbose=1
/usr/local/clang-7.0.0/bin/clang     -v CMakeFiles/cmTC_fb6c0.dir/CMakeCCompilerABI.c.o  -o cmTC_fb6c0 
clang version 7.0.0 (tags/RELEASE_700/final)
Target: x86_64-unknown-linux-gnu
Thread model: posix
InstalledDir: /usr/local/clang-7.0.0/bin
Found candidate GCC installation: /usr/lib/gcc/x86_64-linux-gnu/4.8
Found candidate GCC installation: /usr/lib/gcc/x86_64-linux-gnu/4.8.5
Found candidate GCC installation: /usr/lib/gcc/x86_64-linux-gnu/4.9
Found candidate GCC installation: /usr/lib/gcc/x86_64-linux-gnu/4.9.3
Found candidate GCC installation: /usr/lib/gcc/x86_64-linux-gnu/5
Found candidate GCC installation: /usr/lib/gcc/x86_64-linux-gnu/5.4.0
Found candidate GCC installation: /usr/lib/gcc/x86_64-linux-gnu/6
Found candidate GCC installation: /usr/lib/gcc/x86_64-linux-gnu/6.0.0
Selected GCC installation: /usr/lib/gcc/x86_64-linux-gnu/5.4.0
Candidate multilib: .;@m64
Selected multilib: .;@m64
 "/usr/bin/ld" -z relro --hash-style=gnu --eh-frame-hdr -m elf_x86_64 -dynamic-linker /lib64/ld-linux-x86-64.so.2 -o cmTC_fb6c0 /usr/lib/gcc/x86_64-linux-gnu/5.4.0/../../../x86_64-linux-gnu/crt1.o /usr/lib/gcc/x86_64-linux-gnu/5.4.0/../../../x86_64-linux-gnu/crti.o /usr/lib/gcc/x86_64-linux-gnu/5.4.0/crtbegin.o -L/usr/lib/gcc/x86_64-linux-gnu/5.4.0 -L/usr/lib/gcc/x86_64-linux-gnu/5.4.0/../../../x86_64-linux-gnu -L/lib/x86_64-linux-gnu -L/lib/../lib64 -L/usr/lib/x86_64-linux-gnu -L/usr/lib/gcc/x86_64-linux-gnu/5.4.0/../../.. -L/usr/local/clang-7.0.0/bin/../lib -L/lib -L/usr/lib CMakeFiles/cmTC_fb6c0.dir/CMakeCCompilerABI.c.o -lgcc --as-needed -lgcc_s --no-as-needed -lc -lgcc --as-needed -lgcc_s --no-as-needed /usr/lib/gcc/x86_64-linux-gnu/5.4.0/crtend.o /usr/lib/gcc/x86_64-linux-gnu/5.4.0/../../../x86_64-linux-gnu/crtn.o
make[1]: Leaving directory '/home/travis/build/tnovits/print_ip/CMakeFiles/CMakeTmp'


Parsed C implicit link information from above output:
  link line regex: [^( *|.*[/\])(ld|CMAKE_LINK_STARTFILE-NOTFOUND|([^/\]+-)?ld|collect2)[^/\]*( |$)]
  ignore line: [Change Dir: /home/travis/build/tnovits/print_ip/CMakeFiles/CMakeTmp]
  ignore line: []
  ignore line: [Run Build Command:"/usr/bin/make" "cmTC_fb6c0/fast"]
  ignore line: [/usr/bin/make -f CMakeFiles/cmTC_fb6c0.dir/build.make CMakeFiles/cmTC_fb6c0.dir/build]
  ignore line: [make[1]: Entering directory '/home/travis/build/tnovits/print_ip/CMakeFiles/CMakeTmp']
  ignore line: [Building C object CMakeFiles/cmTC_fb6c0.dir/CMakeCCompilerABI.c.o]
  ignore line: [/usr/local/clang-7.0.0/bin/clang    -o CMakeFiles/cmTC_fb6c0.dir/CMakeCCompilerABI.c.o   -c /usr/local/cmake-3.12.4/share/cmake-3.12/Modules/CMakeCCompilerABI.c]
  ignore line: [Linking C executable cmTC_fb6c0]
  ignore line: [/usr/local/cmake-3.12.4/bin/cmake -E cmake_link_script CMakeFiles/cmTC_fb6c0.dir/link.txt --verbose=1]
  ignore line: [/usr/local/clang-7.0.0/bin/clang     -v CMakeFiles/cmTC_fb6c0.dir/CMakeCCompilerABI.c.o  -o cmTC_fb6c0 ]
  ignore line: [clang version 7.0.0 (tags/RELEASE_700/final)]
  ignore line: [Target: x86_64-unknown-linux-gnu]
  ignore line: [Thread model: posix]
  ignore line: [InstalledDir: /usr/local/clang-7.0.0/bin]
  ignore line: [Found candidate GCC installation: /usr/lib/gcc/x86_64-linux-gnu/4.8]
  ignore line: [Found candidate GCC installation: /usr/lib/gcc/x86_64-linux-gnu/4.8.5]
  ignore line: [Found candidate GCC installation: /usr/lib/gcc/x86_64-linux-gnu/4.9]
  ignore line: [Found candidate GCC installation: /usr/lib/gcc/x86_64-linux-gnu/4.9.3]
  ignore line: [Found candidate GCC installation: /usr/lib/gcc/x86_64-linux-gnu/5]
  ignore line: [Found candidate GCC installation: /usr/lib/gcc/x86_64-linux-gnu/5.4.0]
  ignore line: [Found candidate GCC installation: /usr/lib/gcc/x86_64-linux-gnu/6]
  ignore line: [Found candidate GCC installation: /usr/lib/gcc/x86_64-linux-gnu/6.0.0]
  ignore line: [Selected GCC installation: /usr/lib/gcc/x86_64-linux-gnu/5.4.0]
  ignore line: [Candidate multilib: .]
  ignore line: [@m64]
  ignore line: [Selected multilib: .]
  ignore line: [@m64]
  link line: [ "/usr/bin/ld" -z relro --hash-style=gnu --eh-frame-hdr -m elf_x86_64 -dynamic-linker /lib64/ld-linux-x86-64.so.2 -o cmTC_fb6c0 /usr/lib/gcc/x86_64-linux-gnu/5.4.0/../../../x86_64-linux-gnu/crt1.o /usr/lib/gcc/x86_64-linux-gnu/5.4.0/../../../x86_64-linux-gnu/crti.o /usr/lib/gcc/x86_64-linux-gnu/5.4.0/crtbegin.o -L/usr/lib/gcc/x86_64-linux-gnu/5.4.0 -L/usr/lib/gcc/x86_64-linux-gnu/5.4.0/../../../x86_64-linux-gnu -L/lib/x86_64-linux-gnu -L/lib/../lib64 -L/usr/lib/x86_64-linux-gnu -L/usr/lib/gcc/x86_64-linux-gnu/5.4.0/../../.. -L/usr/local/clang-7.0.0/bin/../lib -L/lib -L/usr/lib CMakeFiles/cmTC_fb6c0.dir/CMakeCCompilerABI.c.o -lgcc --as-needed -lgcc_s --no-as-needed -lc -lgcc --as-needed -lgcc_s --no-as-needed /usr/lib/gcc/x86_64-linux-gnu/5.4.0/crtend.o /usr/lib/gcc/x86_64-linux-gnu/5.4.0/../../../x86_64-linux-gnu/crtn.o]
    arg [/usr/bin/ld] ==> ignore
    arg [-zrelro] ==> ignore
    arg [--hash-style=gnu] ==> ignore
    arg [--eh-frame-hdr] ==> ignore
    arg [-m] ==> ignore
    arg [elf_x86_64] ==> ignore
    arg [-dynamic-linker] ==> ignore
    arg [/lib64/ld-linux-x86-64.so.2] ==> ignore
    arg [-o] ==> ignore
    arg [cmTC_fb6c0] ==> ignore
    arg [/usr/lib/gcc/x86_64-linux-gnu/5.4.0/../../../x86_64-linux-gnu/crt1.o] ==> ignore
    arg [/usr/lib/gcc/x86_64-linux-gnu/5.4.0/../../../x86_64-linux-gnu/crti.o] ==> ignore
    arg [/usr/lib/gcc/x86_64-linux-gnu/5.4.0/crtbegin.o] ==> ignore
    arg [-L/usr/lib/gcc/x86_64-linux-gnu/5.4.0] ==> dir [/usr/lib/gcc/x86_64-linux-gnu/5.4.0]
    arg [-L/usr/lib/gcc/x86_64-linux-gnu/5.4.0/../../../x86_64-linux-gnu] ==> dir [/usr/lib/gcc/x86_64-linux-gnu/5.4.0/../../../x86_64-linux-gnu]
    arg [-L/lib/x86_64-linux-gnu] ==> dir [/lib/x86_64-linux-gnu]
    arg [-L/lib/../lib64] ==> dir [/lib/../lib64]
    arg [-L/usr/lib/x86_64-linux-gnu] ==> dir [/usr/lib/x86_64-linux-gnu]
    arg [-L/usr/lib/gcc/x86_64-linux-gnu/5.4.0/../../..] ==> dir [/usr/lib/gcc/x86_64-linux-gnu/5.4.0/../../..]
    arg [-L/usr/local/clang-7.0.0/bin/../lib] ==> dir [/usr/local/clang-7.0.0/bin/../lib]
    arg [-L/lib] ==> dir [/lib]
    arg [-L/usr/lib] ==> dir [/usr/lib]
    arg [CMakeFiles/cmTC_fb6c0.dir/CMakeCCompilerABI.c.o] ==> ignore
    arg [-lgcc] ==> lib [gcc]
    arg [--as-needed] ==> ignore
    arg [-lgcc_s] ==> lib [gcc_s]
    arg [--no-as-needed] ==> ignore
    arg [-lc] ==> lib [c]
    arg [-lgcc] ==> lib [gcc]
    arg [--as-needed] ==> ignore
    arg [-lgcc_s] ==> lib [gcc_s]
    arg [--no-as-needed] ==> ignore
    arg [/usr/lib/gcc/x86_64-linux-gnu/5.4.0/crtend.o] ==> ignore
    arg [/usr/lib/gcc/x86_64-linux-gnu/5.4.0/../../../x86_64-linux-gnu/crtn.o] ==> ignore
  collapse library dir [/usr/lib/gcc/x86_64-linux-gnu/5.4.0] ==> [/usr/lib/gcc/x86_64-linux-gnu/5.4.0]
  collapse library dir [/usr/lib/gcc/x86_64-linux-gnu/5.4.0/../../../x86_64-linux-gnu] ==> [/usr/lib/x86_64-linux-gnu]
  collapse library dir [/lib/x86_64-linux-gnu] ==> [/lib/x86_64-linux-gnu]
  collapse library dir [/lib/../lib64] ==> [/lib64]
  collapse library dir [/usr/lib/x86_64-linux-gnu] ==> [/usr/lib/x86_64-linux-gnu]
  collapse library dir [/usr/lib/gcc/x86_64-linux-gnu/5.4.0/../../..] ==> [/usr/lib]
  collapse library dir [/usr/local/clang-7.0.0/bin/../lib] ==> [/usr/local/clang-7.0.0/lib]
  collapse library dir [/lib] ==> [/lib]
  collapse library dir [/usr/lib] ==> [/usr/lib]
  implicit libs: [gcc;gcc_s;c;gcc;gcc_s]
  implicit dirs: [/usr/lib/gcc/x86_64-linux-gnu/5.4.0;/usr/lib/x86_64-linux-gnu;/lib/x86_64-linux-gnu;/lib64;/usr/lib;/usr/local/clang-7.0.0/lib;/lib]
  implicit fwks: []




Detecting C [-std=c11] compiler features compiled with the following output:
Change Dir: /home/travis/build/tnovits/print_ip/CMakeFiles/CMakeTmp

Run Build Command:"/usr/bin/make" "cmTC_c9102/fast"
/usr/bin/make -f CMakeFiles/cmTC_c9102.dir/build.make CMakeFiles/cmTC_c9102.dir/build
make[1]: Entering directory '/home/travis/build/tnovits/print_ip/CMakeFiles/CMakeTmp'
Building C object CMakeFiles/cmTC_c9102.dir/feature_tests.c.o
/usr/local/clang-7.0.0/bin/clang   -std=c11 -o CMakeFiles/cmTC_c9102.dir/feature_tests.c.o   -c /home/travis/build/tnovits/print_ip/CMakeFiles/feature_tests.c
Linking C executable cmTC_c9102
/usr/local/cmake-3.12.4/bin/cmake -E cmake_link_script CMakeFiles/cmTC_c9102.dir/link.txt --verbose=1
/usr/local/clang-7.0.0/bin/clang      CMakeFiles/cmTC_c9102.dir/feature_tests.c.o  -o cmTC_c9102 
make[1]: Leaving directory '/home/travis/build/tnovits/print_ip/CMakeFiles/CMakeTmp'


    Feature record: C_FEATURE:1c_function_prototypes
    Feature record: C_FEATURE:1c_restrict
    Feature record: C_FEATURE:1c_static_assert
    Feature record: C_FEATURE:1c_variadic_macros


Detecting C [-std=c99] compiler features compiled with the following output:
Change Dir: /home/travis/build/tnovits/print_ip/CMakeFiles/CMakeTmp

Run Build Command:"/usr/bin/make" "cmTC_c2609/fast"
/usr/bin/make -f CMakeFiles/cmTC_c2609.dir/build.make CMakeFiles/cmTC_c2609.dir/build
make[1]: Entering directory '/home/travis/build/tnovits/print_ip/CMakeFiles/CMakeTmp'
Building C object CMakeFiles/cmTC_c2609.dir/feature_tests.c.o
/usr/local/clang-7.0.0/bin/clang   -std=c99 -o CMakeFiles/cmTC_c2609.dir/feature_tests.c.o   -c /home/travis/build/tnovits/print_ip/CMakeFiles/feature_tests.c
Linking C executable cmTC_c2609
/usr/local/cmake-3.12.4/bin/cmake -E cmake_link_script CMakeFiles/cmTC_c2609.dir/link.txt --verbose=1
/usr/local/clang-7.0.0/bin/clang      CMakeFiles/cmTC_c2609.dir/feature_tests.c.o  -o cmTC_c2609 
make[1]: Leaving directory '/home/travis/build/tnovits/print_ip/CMakeFiles/CMakeTmp'


    Feature record: C_FEATURE:1c_function_prototypes
    Feature record: C_FEATURE:1c_restrict
    Feature record: C_FEATURE:0c_static_assert
    Feature record: C_FEATURE:1c_variadic_macros


Detecting C [-std=c90] compiler features compiled with the following output:
Change Dir: /home/travis/build/tnovits/print_ip/CMakeFiles/CMakeTmp

Run Build Command:"/usr/bin/make" "cmTC_15be4/fast"
/usr/bin/make -f CMakeFiles/cmTC_15be4.dir/build.make CMakeFiles/cmTC_15be4.dir/build
make[1]: Entering directory '/home/travis/build/tnovits/print_ip/CMakeFiles/CMakeTmp'
Building C object CMakeFiles/cmTC_15be4.dir/feature_tests.c.o
/usr/local/clang-7.0.0/bin/clang   -std=c90 -o CMakeFiles/cmTC_15be4.dir/feature_tests.c.o   -c /home/travis/build/tnovits/print_ip/CMakeFiles/feature_tests.c
Linking C executable cmTC_15be4
/usr/local/cmake-3.12.4/bin/cmake -E cmake_link_script CMakeFiles/cmTC_15be4.dir/link.txt --verbose=1
/usr/local/clang-7.0.0/bin/clang      CMakeFiles/cmTC_15be4.dir/feature_tests.c.o  -o cmTC_15be4 
make[1]: Leaving directory '/home/travis/build/tnovits/print_ip/CMakeFiles/CMakeTmp'


    Feature record: C_FEATURE:1c_function_prototypes
    Feature record: C_FEATURE:0c_restrict
    Feature record: C_FEATURE:0c_static_assert
    Feature record: C_FEATURE:0c_variadic_macros
Determining if the CXX compiler works passed with the following output:
Change Dir: /home/travis/build/tnovits/print_ip/CMakeFiles/CMakeTmp

Run Build Command:"/usr/bin/make" "cmTC_8f450/fast"
/usr/bin/make -f CMakeFiles/cmTC_8f450.dir/build.make CMakeFiles/cmTC_8f450.dir/build
make[1]: Entering directory '/home/travis/build/tnovits/print_ip/CMakeFiles/CMakeTmp'
Building CXX object CMakeFiles/cmTC_8f450.dir/testCXXCompiler.cxx.o
/usr/local/clang-7.0.0/bin/clang++     -o CMakeFiles/cmTC_8f450.dir/testCXXCompiler.cxx.o -c /home/travis/build/tnovits/print_ip/CMakeFiles/CMakeTmp/testCXXCompiler.cxx
Linking CXX executable cmTC_8f450
/usr/local/cmake-3.12.4/bin/cmake -E cmake_link_script CMakeFiles/cmTC_8f450.dir/link.txt --verbose=1
/usr/local/clang-7.0.0/bin/clang++       CMakeFiles/cmTC_8f450.dir/testCXXCompiler.cxx.o  -o cmTC_8f450 
make[1]: Leaving directory '/home/travis/build/tnovits/print_ip/CMakeFiles/CMakeTmp'


Detecting CXX compiler ABI info compiled with the following output:
Change Dir: /home/travis/build/tnovits/print_ip/CMakeFiles/CMakeTmp

Run Build Command:"/usr/bin/make" "cmTC_d66b9/fast"
/usr/bin/make -f CMakeFiles/cmTC_d66b9.dir/build.make CMakeFiles/cmTC_d66b9.dir/build
make[1]: Entering directory '/home/travis/build/tnovits/print_ip/CMakeFiles/CMakeTmp'
Building CXX object CMakeFiles/cmTC_d66b9.dir/CMakeCXXCompilerABI.cpp.o
/usr/local/clang-7.0.0/bin/clang++     -o CMakeFiles/cmTC_d66b9.dir/CMakeCXXCompilerABI.cpp.o -c /usr/local/cmake-3.12.4/share/cmake-3.12/Modules/CMakeCXXCompilerABI.cpp
Linking CXX executable cmTC_d66b9
/usr/local/cmake-3.12.4/bin/cmake -E cmake_link_script CMakeFiles/cmTC_d66b9.dir/link.txt --verbose=1
/usr/local/clang-7.0.0/bin/clang++      -v CMakeFiles/cmTC_d66b9.dir/CMakeCXXCompilerABI.cpp.o  -o cmTC_d66b9 
clang version 7.0.0 (tags/RELEASE_700/final)
Target: x86_64-unknown-linux-gnu
Thread model: posix
InstalledDir: /usr/local/clang-7.0.0/bin
Found candidate GCC installation: /usr/lib/gcc/x86_64-linux-gnu/4.8
Found candidate GCC installation: /usr/lib/gcc/x86_64-linux-gnu/4.8.5
Found candidate GCC installation: /usr/lib/gcc/x86_64-linux-gnu/4.9
Found candidate GCC installation: /usr/lib/gcc/x86_64-linux-gnu/4.9.3
Found candidate GCC installation: /usr/lib/gcc/x86_64-linux-gnu/5
Found candidate GCC installation: /usr/lib/gcc/x86_64-linux-gnu/5.4.0
Found candidate GCC installation: /usr/lib/gcc/x86_64-linux-gnu/6
Found candidate GCC installation: /usr/lib/gcc/x86_64-linux-gnu/6.0.0
Selected GCC installation: /usr/lib/gcc/x86_64-linux-gnu/5.4.0
Candidate multilib: .;@m64
Selected multilib: .;@m64
 "/usr/bin/ld" -z relro --hash-style=gnu --eh-frame-hdr -m elf_x86_64 -dynamic-linker /lib64/ld-linux-x86-64.so.2 -o cmTC_d66b9 /usr/lib/gcc/x86_64-linux-gnu/5.4.0/../../../x86_64-linux-gnu/crt1.o /usr/lib/gcc/x86_64-linux-gnu/5.4.0/../../../x86_64-linux-gnu/crti.o /usr/lib/gcc/x86_64-linux-gnu/5.4.0/crtbegin.o -L/usr/lib/gcc/x86_64-linux-gnu/5.4.0 -L/usr/lib/gcc/x86_64-linux-gnu/5.4.0/../../../x86_64-linux-gnu -L/lib/x86_64-linux-gnu -L/lib/../lib64 -L/usr/lib/x86_64-linux-gnu -L/usr/lib/gcc/x86_64-linux-gnu/5.4.0/../../.. -L/usr/local/clang-7.0.0/bin/../lib -L/lib -L/usr/lib CMakeFiles/cmTC_d66b9.dir/CMakeCXXCompilerABI.cpp.o -lstdc++ -lm -lgcc_s -lgcc -lc -lgcc_s -lgcc /usr/lib/gcc/x86_64-linux-gnu/5.4.0/crtend.o /usr/lib/gcc/x86_64-linux-gnu/5.4.0/../../../x86_64-linux-gnu/crtn.o
make[1]: Leaving directory '/home/travis/build/tnovits/print_ip/CMakeFiles/CMakeTmp'


Parsed CXX implicit link information from above output:
  link line regex: [^( *|.*[/\])(ld|CMAKE_LINK_STARTFILE-NOTFOUND|([^/\]+-)?ld|collect2)[^/\]*( |$)]
  ignore line: [Change Dir: /home/travis/build/tnovits/print_ip/CMakeFiles/CMakeTmp]
  ignore line: []
  ignore line: [Run Build Command:"/usr/bin/make" "cmTC_d66b9/fast"]
  ignore line: [/usr/bin/make -f CMakeFiles/cmTC_d66b9.dir/build.make CMakeFiles/cmTC_d66b9.dir/build]
  ignore line: [make[1]: Entering directory '/home/travis/build/tnovits/print_ip/CMakeFiles/CMakeTmp']
  ignore line: [Building CXX object CMakeFiles/cmTC_d66b9.dir/CMakeCXXCompilerABI.cpp.o]
  ignore line: [/usr/local/clang-7.0.0/bin/clang++     -o CMakeFiles/cmTC_d66b9.dir/CMakeCXXCompilerABI.cpp.o -c /usr/local/cmake-3.12.4/share/cmake-3.12/Modules/CMakeCXXCompilerABI.cpp]
  ignore line: [Linking CXX executable cmTC_d66b9]
  ignore line: [/usr/local/cmake-3.12.4/bin/cmake -E cmake_link_script CMakeFiles/cmTC_d66b9.dir/link.txt --verbose=1]
  ignore line: [/usr/local/clang-7.0.0/bin/clang++      -v CMakeFiles/cmTC_d66b9.dir/CMakeCXXCompilerABI.cpp.o  -o cmTC_d66b9 ]
  ignore line: [clang version 7.0.0 (tags/RELEASE_700/final)]
  ignore line: [Target: x86_64-unknown-linux-gnu]
  ignore line: [Thread model: posix]
  ignore line: [InstalledDir: /usr/local/clang-7.0.0/bin]
  ignore line: [Found candidate GCC installation: /usr/lib/gcc/x86_64-linux-gnu/4.8]
  ignore line: [Found candidate GCC installation: /usr/lib/gcc/x86_64-linux-gnu/4.8.5]
  ignore line: [Found candidate GCC installation: /usr/lib/gcc/x86_64-linux-gnu/4.9]
  ignore line: [Found candidate GCC installation: /usr/lib/gcc/x86_64-linux-gnu/4.9.3]
  ignore line: [Found candidate GCC installation: /usr/lib/gcc/x86_64-linux-gnu/5]
  ignore line: [Found candidate GCC installation: /usr/lib/gcc/x86_64-linux-gnu/5.4.0]
  ignore line: [Found candidate GCC installation: /usr/lib/gcc/x86_64-linux-gnu/6]
  ignore line: [Found candidate GCC installation: /usr/lib/gcc/x86_64-linux-gnu/6.0.0]
  ignore line: [Selected GCC installation: /usr/lib/gcc/x86_64-linux-gnu/5.4.0]
  ignore line: [Candidate multilib: .]
  ignore line: [@m64]
  ignore line: [Selected multilib: .]
  ignore line: [@m64]
  link line: [ "/usr/bin/ld" -z relro --hash-style=gnu --eh-frame-hdr -m elf_x86_64 -dynamic-linker /lib64/ld-linux-x86-64.so.2 -o cmTC_d66b9 /usr/lib/gcc/x86_64-linux-gnu/5.4.0/../../../x86_64-linux-gnu/crt1.o /usr/lib/gcc/x86_64-linux-gnu/5.4.0/../../../x86_64-linux-gnu/crti.o /usr/lib/gcc/x86_64-linux-gnu/5.4.0/crtbegin.o -L/usr/lib/gcc/x86_64-linux-gnu/5.4.0 -L/usr/lib/gcc/x86_64-linux-gnu/5.4.0/../../../x86_64-linux-gnu -L/lib/x86_64-linux-gnu -L/lib/../lib64 -L/usr/lib/x86_64-linux-gnu -L/usr/lib/gcc/x86_64-linux-gnu/5.4.0/../../.. -L/usr/local/clang-7.0.0/bin/../lib -L/lib -L/usr/lib CMakeFiles/cmTC_d66b9.dir/CMakeCXXCompilerABI.cpp.o -lstdc++ -lm -lgcc_s -lgcc -lc -lgcc_s -lgcc /usr/lib/gcc/x86_64-linux-gnu/5.4.0/crtend.o /usr/lib/gcc/x86_64-linux-gnu/5.4.0/../../../x86_64-linux-gnu/crtn.o]
    arg [/usr/bin/ld] ==> ignore
    arg [-zrelro] ==> ignore
    arg [--hash-style=gnu] ==> ignore
    arg [--eh-frame-hdr] ==> ignore
    arg [-m] ==> ignore
    arg [elf_x86_64] ==> ignore
    arg [-dynamic-linker] ==> ignore
    arg [/lib64/ld-linux-x86-64.so.2] ==> ignore
    arg [-o] ==> ignore
    arg [cmTC_d66b9] ==> ignore
    arg [/usr/lib/gcc/x86_64-linux-gnu/5.4.0/../../../x86_64-linux-gnu/crt1.o] ==> ignore
    arg [/usr/lib/gcc/x86_64-linux-gnu/5.4.0/../../../x86_64-linux-gnu/crti.o] ==> ignore
    arg [/usr/lib/gcc/x86_64-linux-gnu/5.4.0/crtbegin.o] ==> ignore
    arg [-L/usr/lib/gcc/x86_64-linux-gnu/5.4.0] ==> dir [/usr/lib/gcc/x86_64-linux-gnu/5.4.0]
    arg [-L/usr/lib/gcc/x86_64-linux-gnu/5.4.0/../../../x86_64-linux-gnu] ==> dir [/usr/lib/gcc/x86_64-linux-gnu/5.4.0/../../../x86_64-linux-gnu]
    arg [-L/lib/x86_64-linux-gnu] ==> dir [/lib/x86_64-linux-gnu]
    arg [-L/lib/../lib64] ==> dir [/lib/../lib64]
    arg [-L/usr/lib/x86_64-linux-gnu] ==> dir [/usr/lib/x86_64-linux-gnu]
    arg [-L/usr/lib/gcc/x86_64-linux-gnu/5.4.0/../../..] ==> dir [/usr/lib/gcc/x86_64-linux-gnu/5.4.0/../../..]
    arg [-L/usr/local/clang-7.0.0/bin/../lib] ==> dir [/usr/local/clang-7.0.0/bin/../lib]
    arg [-L/lib] ==> dir [/lib]
    arg [-L/usr/lib] ==> dir [/usr/lib]
    arg [CMakeFiles/cmTC_d66b9.dir/CMakeCXXCompilerABI.cpp.o] ==> ignore
    arg [-lstdc++] ==> lib [stdc++]
    arg [-lm] ==> lib [m]
    arg [-lgcc_s] ==> lib [gcc_s]
    arg [-lgcc] ==> lib [gcc]
    arg [-lc] ==> lib [c]
    arg [-lgcc_s] ==> lib [gcc_s]
    arg [-lgcc] ==> lib [gcc]
    arg [/usr/lib/gcc/x86_64-linux-gnu/5.4.0/crtend.o] ==> ignore
    arg [/usr/lib/gcc/x86_64-linux-gnu/5.4.0/../../../x86_64-linux-gnu/crtn.o] ==> ignore
  collapse library dir [/usr/lib/gcc/x86_64-linux-gnu/5.4.0] ==> [/usr/lib/gcc/x86_64-linux-gnu/5.4.0]
  collapse library dir [/usr/lib/gcc/x86_64-linux-gnu/5.4.0/../../../x86_64-linux-gnu] ==> [/usr/lib/x86_64-linux-gnu]
  collapse library dir [/lib/x86_64-linux-gnu] ==> [/lib/x86_64-linux-gnu]
  collapse library dir [/lib/../lib64] ==> [/lib64]
  collapse library dir [/usr/lib/x86_64-linux-gnu] ==> [/usr/lib/x86_64-linux-gnu]
  collapse library dir [/usr/lib/gcc/x86_64-linux-gnu/5.4.0/../../..] ==> [/usr/lib]
  collapse library dir [/usr/local/clang-7.0.0/bin/../lib] ==> [/usr/local/clang-7.0.0/lib]
  collapse library dir [/lib] ==> [/lib]
  collapse library dir [/usr/lib] ==> [/usr/lib]
  implicit libs: [stdc++;m;gcc_s;gcc;c;gcc_s;gcc]
  implicit dirs: [/usr/lib/gcc/x86_64-linux-gnu/5.4.0;/usr/lib/x86_64-linux-gnu;/lib/x86_64-linux-gnu;/lib64;/usr/lib;/usr/local/clang-7.0.0/lib;/lib]
  implicit fwks: []




Detecting CXX [-std=c++2a] compiler features compiled with the following output:
Change Dir: /home/travis/build/tnovits/print_ip/CMakeFiles/CMakeTmp

Run Build Command:"/usr/bin/make" "cmTC_61b74/fast"
/usr/bin/make -f CMakeFiles/cmTC_61b74.dir/build.make CMakeFiles/cmTC_61b74.dir/build
make[1]: Entering directory '/home/travis/build/tnovits/print_ip/CMakeFiles/CMakeTmp'
Building CXX object CMakeFiles/cmTC_61b74.dir/feature_tests.cxx.o
/usr/local/clang-7.0.0/bin/clang++    -std=c++2a -o CMakeFiles/cmTC_61b74.dir/feature_tests.cxx.o -c /home/travis/build/tnovits/print_ip/CMakeFiles/feature_tests.cxx
Linking CXX executable cmTC_61b74
/usr/local/cmake-3.12.4/bin/cmake -E cmake_link_script CMakeFiles/cmTC_61b74.dir/link.txt --verbose=1
/usr/local/clang-7.0.0/bin/clang++       CMakeFiles/cmTC_61b74.dir/feature_tests.cxx.o  -o cmTC_61b74 
make[1]: Leaving directory '/home/travis/build/tnovits/print_ip/CMakeFiles/CMakeTmp'


    Feature record: CXX_FEATURE:1cxx_aggregate_default_initializers
    Feature record: CXX_FEATURE:1cxx_alias_templates
    Feature record: CXX_FEATURE:1cxx_alignas
    Feature record: CXX_FEATURE:1cxx_alignof
    Feature record: CXX_FEATURE:1cxx_attributes
    Feature record: CXX_FEATURE:1cxx_attribute_deprecated
    Feature record: CXX_FEATURE:1cxx_auto_type
    Feature record: CXX_FEATURE:1cxx_binary_literals
    Feature record: CXX_FEATURE:1cxx_constexpr
    Feature record: CXX_FEATURE:1cxx_contextual_conversions
    Feature record: CXX_FEATURE:1cxx_decltype
    Feature record: CXX_FEATURE:1cxx_decltype_auto
    Feature record: CXX_FEATURE:1cxx_decltype_incomplete_return_types
    Feature record: CXX_FEATURE:1cxx_default_function_template_args
    Feature record: CXX_FEATURE:1cxx_defaulted_functions
    Feature record: CXX_FEATURE:1cxx_defaulted_move_initializers
    Feature record: CXX_FEATURE:1cxx_delegating_constructors
    Feature record: CXX_FEATURE:1cxx_deleted_functions
    Feature record: CXX_FEATURE:1cxx_digit_separators
    Feature record: CXX_FEATURE:1cxx_enum_forward_declarations
    Feature record: CXX_FEATURE:1cxx_explicit_conversions
    Feature record: CXX_FEATURE:1cxx_extended_friend_declarations
    Feature record: CXX_FEATURE:1cxx_extern_templates
    Feature record: CXX_FEATURE:1cxx_final
    Feature record: CXX_FEATURE:1cxx_func_identifier
    Feature record: CXX_FEATURE:1cxx_generalized_initializers
    Feature record: CXX_FEATURE:1cxx_generic_lambdas
    Feature record: CXX_FEATURE:1cxx_inheriting_constructors
    Feature record: CXX_FEATURE:1cxx_inline_namespaces
    Feature record: CXX_FEATURE:1cxx_lambdas
    Feature record: CXX_FEATURE:1cxx_lambda_init_captures
    Feature record: CXX_FEATURE:1cxx_local_type_template_args
    Feature record: CXX_FEATURE:1cxx_long_long_type
    Feature record: CXX_FEATURE:1cxx_noexcept
    Feature record: CXX_FEATURE:1cxx_nonstatic_member_init
    Feature record: CXX_FEATURE:1cxx_nullptr
    Feature record: CXX_FEATURE:1cxx_override
    Feature record: CXX_FEATURE:1cxx_range_for
    Feature record: CXX_FEATURE:1cxx_raw_string_literals
    Feature record: CXX_FEATURE:1cxx_reference_qualified_functions
    Feature record: CXX_FEATURE:1cxx_relaxed_constexpr
    Feature record: CXX_FEATURE:1cxx_return_type_deduction
    Feature record: CXX_FEATURE:1cxx_right_angle_brackets
    Feature record: CXX_FEATURE:1cxx_rvalue_references
    Feature record: CXX_FEATURE:1cxx_sizeof_member
    Feature record: CXX_FEATURE:1cxx_static_assert
    Feature record: CXX_FEATURE:1cxx_strong_enums
    Feature record: CXX_FEATURE:1cxx_template_template_parameters
    Feature record: CXX_FEATURE:1cxx_thread_local
    Feature record: CXX_FEATURE:1cxx_trailing_return_types
    Feature record: CXX_FEATURE:1cxx_unicode_literals
    Feature record: CXX_FEATURE:1cxx_uniform_initialization
    Feature record: CXX_FEATURE:1cxx_unrestricted_unions
    Feature record: CXX_FEATURE:1cxx_user_literals
    Feature record: CXX_FEATURE:1cxx_variable_templates
    Feature record: CXX_FEATURE:1cxx_variadic_macros
    Feature record: CXX_FEATURE:1cxx_variadic_templates


Detecting CXX [-std=c++17] compiler features compiled with the following output:
Change Dir: /home/travis/build/tnovits/print_ip/CMakeFiles/CMakeTmp

Run Build Command:"/usr/bin/make" "cmTC_e06f2/fast"
/usr/bin/make -f CMakeFiles/cmTC_e06f2.dir/build.make CMakeFiles/cmTC_e06f2.dir/build
make[1]: Entering directory '/home/travis/build/tnovits/print_ip/CMakeFiles/CMakeTmp'
Building CXX object CMakeFiles/cmTC_e06f2.dir/feature_tests.cxx.o
/usr/local/clang-7.0.0/bin/clang++    -std=c++17 -o CMakeFiles/cmTC_e06f2.dir/feature_tests.cxx.o -c /home/travis/build/tnovits/print_ip/CMakeFiles/feature_tests.cxx
Linking CXX executable cmTC_e06f2
/usr/local/cmake-3.12.4/bin/cmake -E cmake_link_script CMakeFiles/cmTC_e06f2.dir/link.txt --verbose=1
/usr/local/clang-7.0.0/bin/clang++       CMakeFiles/cmTC_e06f2.dir/feature_tests.cxx.o  -o cmTC_e06f2 
make[1]: Leaving directory '/home/travis/build/tnovits/print_ip/CMakeFiles/CMakeTmp'


    Feature record: CXX_FEATURE:1cxx_aggregate_default_initializers
    Feature record: CXX_FEATURE:1cxx_alias_templates
    Feature record: CXX_FEATURE:1cxx_alignas
    Feature record: CXX_FEATURE:1cxx_alignof
    Feature record: CXX_FEATURE:1cxx_attributes
    Feature record: CXX_FEATURE:1cxx_attribute_deprecated
    Feature record: CXX_FEATURE:1cxx_auto_type
    Feature record: CXX_FEATURE:1cxx_binary_literals
    Feature record: CXX_FEATURE:1cxx_constexpr
    Feature record: CXX_FEATURE:1cxx_contextual_conversions
    Feature record: CXX_FEATURE:1cxx_decltype
    Feature record: CXX_FEATURE:1cxx_decltype_auto
    Feature record: CXX_FEATURE:1cxx_decltype_incomplete_return_types
    Feature record: CXX_FEATURE:1cxx_default_function_template_args
    Feature record: CXX_FEATURE:1cxx_defaulted_functions
    Feature record: CXX_FEATURE:1cxx_defaulted_move_initializers
    Feature record: CXX_FEATURE:1cxx_delegating_constructors
    Feature record: CXX_FEATURE:1cxx_deleted_functions
    Feature record: CXX_FEATURE:1cxx_digit_separators
    Feature record: CXX_FEATURE:1cxx_enum_forward_declarations
    Feature record: CXX_FEATURE:1cxx_explicit_conversions
    Feature record: CXX_FEATURE:1cxx_extended_friend_declarations
    Feature record: CXX_FEATURE:1cxx_extern_templates
    Feature record: CXX_FEATURE:1cxx_final
    Feature record: CXX_FEATURE:1cxx_func_identifier
    Feature record: CXX_FEATURE:1cxx_generalized_initializers
    Feature record: CXX_FEATURE:1cxx_generic_lambdas
    Feature record: CXX_FEATURE:1cxx_inheriting_constructors
    Feature record: CXX_FEATURE:1cxx_inline_namespaces
    Feature record: CXX_FEATURE:1cxx_lambdas
    Feature record: CXX_FEATURE:1cxx_lambda_init_captures
    Feature record: CXX_FEATURE:1cxx_local_type_template_args
    Feature record: CXX_FEATURE:1cxx_long_long_type
    Feature record: CXX_FEATURE:1cxx_noexcept
    Feature record: CXX_FEATURE:1cxx_nonstatic_member_init
    Feature record: CXX_FEATURE:1cxx_nullptr
    Feature record: CXX_FEATURE:1cxx_override
    Feature record: CXX_FEATURE:1cxx_range_for
    Feature record: CXX_FEATURE:1cxx_raw_string_literals
    Feature record: CXX_FEATURE:1cxx_reference_qualified_functions
    Feature record: CXX_FEATURE:1cxx_relaxed_constexpr
    Feature record: CXX_FEATURE:1cxx_return_type_deduction
    Feature record: CXX_FEATURE:1cxx_right_angle_brackets
    Feature record: CXX_FEATURE:1cxx_rvalue_references
    Feature record: CXX_FEATURE:1cxx_sizeof_member
    Feature record: CXX_FEATURE:1cxx_static_assert
    Feature record: CXX_FEATURE:1cxx_strong_enums
    Feature record: CXX_FEATURE:1cxx_template_template_parameters
    Feature record: CXX_FEATURE:1cxx_thread_local
    Feature record: CXX_FEATURE:1cxx_trailing_return_types
    Feature record: CXX_FEATURE:1cxx_unicode_literals
    Feature record: CXX_FEATURE:1cxx_uniform_initialization
    Feature record: CXX_FEATURE:1cxx_unrestricted_unions
    Feature record: CXX_FEATURE:1cxx_user_literals
    Feature record: CXX_FEATURE:1cxx_variable_templates
    Feature record: CXX_FEATURE:1cxx_variadic_macros
    Feature record: CXX_FEATURE:1cxx_variadic_templates


Detecting CXX [-std=c++14] compiler features compiled with the following output:
Change Dir: /home/travis/build/tnovits/print_ip/CMakeFiles/CMakeTmp

Run Build Command:"/usr/bin/make" "cmTC_c1504/fast"
/usr/bin/make -f CMakeFiles/cmTC_c1504.dir/build.make CMakeFiles/cmTC_c1504.dir/build
make[1]: Entering directory '/home/travis/build/tnovits/print_ip/CMakeFiles/CMakeTmp'
Building CXX object CMakeFiles/cmTC_c1504.dir/feature_tests.cxx.o
/usr/local/clang-7.0.0/bin/clang++    -std=c++14 -o CMakeFiles/cmTC_c1504.dir/feature_tests.cxx.o -c /home/travis/build/tnovits/print_ip/CMakeFiles/feature_tests.cxx
Linking CXX executable cmTC_c1504
/usr/local/cmake-3.12.4/bin/cmake -E cmake_link_script CMakeFiles/cmTC_c1504.dir/link.txt --verbose=1
/usr/local/clang-7.0.0/bin/clang++       CMakeFiles/cmTC_c1504.dir/feature_tests.cxx.o  -o cmTC_c1504 
make[1]: Leaving directory '/home/travis/build/tnovits/print_ip/CMakeFiles/CMakeTmp'


    Feature record: CXX_FEATURE:1cxx_aggregate_default_initializers
    Feature record: CXX_FEATURE:1cxx_alias_templates
    Feature record: CXX_FEATURE:1cxx_alignas
    Feature record: CXX_FEATURE:1cxx_alignof
    Feature record: CXX_FEATURE:1cxx_attributes
    Feature record: CXX_FEATURE:1cxx_attribute_deprecated
    Feature record: CXX_FEATURE:1cxx_auto_type
    Feature record: CXX_FEATURE:1cxx_binary_literals
    Feature record: CXX_FEATURE:1cxx_constexpr
    Feature record: CXX_FEATURE:1cxx_contextual_conversions
    Feature record: CXX_FEATURE:1cxx_decltype
    Feature record: CXX_FEATURE:1cxx_decltype_auto
    Feature record: CXX_FEATURE:1cxx_decltype_incomplete_return_types
    Feature record: CXX_FEATURE:1cxx_default_function_template_args
    Feature record: CXX_FEATURE:1cxx_defaulted_functions
    Feature record: CXX_FEATURE:1cxx_defaulted_move_initializers
    Feature record: CXX_FEATURE:1cxx_delegating_constructors
    Feature record: CXX_FEATURE:1cxx_deleted_functions
    Feature record: CXX_FEATURE:1cxx_digit_separators
    Feature record: CXX_FEATURE:1cxx_enum_forward_declarations
    Feature record: CXX_FEATURE:1cxx_explicit_conversions
    Feature record: CXX_FEATURE:1cxx_extended_friend_declarations
    Feature record: CXX_FEATURE:1cxx_extern_templates
    Feature record: CXX_FEATURE:1cxx_final
    Feature record: CXX_FEATURE:1cxx_func_identifier
    Feature record: CXX_FEATURE:1cxx_generalized_initializers
    Feature record: CXX_FEATURE:1cxx_generic_lambdas
    Feature record: CXX_FEATURE:1cxx_inheriting_constructors
    Feature record: CXX_FEATURE:1cxx_inline_namespaces
    Feature record: CXX_FEATURE:1cxx_lambdas
    Feature record: CXX_FEATURE:1cxx_lambda_init_captures
    Feature record: CXX_FEATURE:1cxx_local_type_template_args
    Feature record: CXX_FEATURE:1cxx_long_long_type
    Feature record: CXX_FEATURE:1cxx_noexcept
    Feature record: CXX_FEATURE:1cxx_nonstatic_member_init
    Feature record: CXX_FEATURE:1cxx_nullptr
    Feature record: CXX_FEATURE:1cxx_override
    Feature record: CXX_FEATURE:1cxx_range_for
    Feature record: CXX_FEATURE:1cxx_raw_string_literals
    Feature record: CXX_FEATURE:1cxx_reference_qualified_functions
    Feature record: CXX_FEATURE:1cxx_relaxed_constexpr
    Feature record: CXX_FEATURE:1cxx_return_type_deduction
    Feature record: CXX_FEATURE:1cxx_right_angle_brackets
    Feature record: CXX_FEATURE:1cxx_rvalue_references
    Feature record: CXX_FEATURE:1cxx_sizeof_member
    Feature record: CXX_FEATURE:1cxx_static_assert
    Feature record: CXX_FEATURE:1cxx_strong_enums
    Feature record: CXX_FEATURE:1cxx_template_template_parameters
    Feature record: CXX_FEATURE:1cxx_thread_local
    Feature record: CXX_FEATURE:1cxx_trailing_return_types
    Feature record: CXX_FEATURE:1cxx_unicode_literals
    Feature record: CXX_FEATURE:1cxx_uniform_initialization
    Feature record: CXX_FEATURE:1cxx_unrestricted_unions
    Feature record: CXX_FEATURE:1cxx_user_literals
    Feature record: CXX_FEATURE:1cxx_variable_templates
    Feature record: CXX_FEATURE:1cxx_variadic_macros
    Feature record: CXX_FEATURE:1cxx_variadic_templates


Detecting CXX [-std=c++11] compiler features compiled with the following output:
Change Dir: /home/travis/build/tnovits/print_ip/CMakeFiles/CMakeTmp

Run Build Command:"/usr/bin/make" "cmTC_9c2b0/fast"
/usr/bin/make -f CMakeFiles/cmTC_9c2b0.dir/build.make CMakeFiles/cmTC_9c2b0.dir/build
make[1]: Entering directory '/home/travis/build/tnovits/print_ip/CMakeFiles/CMakeTmp'
Building CXX object CMakeFiles/cmTC_9c2b0.dir/feature_tests.cxx.o
/usr/local/clang-7.0.0/bin/clang++    -std=c++11 -o CMakeFiles/cmTC_9c2b0.dir/feature_tests.cxx.o -c /home/travis/build/tnovits/print_ip/CMakeFiles/feature_tests.cxx
Linking CXX executable cmTC_9c2b0
/usr/local/cmake-3.12.4/bin/cmake -E cmake_link_script CMakeFiles/cmTC_9c2b0.dir/link.txt --verbose=1
/usr/local/clang-7.0.0/bin/clang++       CMakeFiles/cmTC_9c2b0.dir/feature_tests.cxx.o  -o cmTC_9c2b0 
make[1]: Leaving directory '/home/travis/build/tnovits/print_ip/CMakeFiles/CMakeTmp'


    Feature record: CXX_FEATURE:0cxx_aggregate_default_initializers
    Feature record: CXX_FEATURE:1cxx_alias_templates
    Feature record: CXX_FEATURE:1cxx_alignas
    Feature record: CXX_FEATURE:1cxx_alignof
    Feature record: CXX_FEATURE:1cxx_attributes
    Feature record: CXX_FEATURE:0cxx_attribute_deprecated
    Feature record: CXX_FEATURE:1cxx_auto_type
    Feature record: CXX_FEATURE:0cxx_binary_literals
    Feature record: CXX_FEATURE:1cxx_constexpr
    Feature record: CXX_FEATURE:0cxx_contextual_conversions
    Feature record: CXX_FEATURE:1cxx_decltype
    Feature record: CXX_FEATURE:0cxx_decltype_auto
    Feature record: CXX_FEATURE:1cxx_decltype_incomplete_return_types
    Feature record: CXX_FEATURE:1cxx_default_function_template_args
    Feature record: CXX_FEATURE:1cxx_defaulted_functions
    Feature record: CXX_FEATURE:1cxx_defaulted_move_initializers
    Feature record: CXX_FEATURE:1cxx_delegating_constructors
    Feature record: CXX_FEATURE:1cxx_deleted_functions
    Feature record: CXX_FEATURE:0cxx_digit_separators
    Feature record: CXX_FEATURE:1cxx_enum_forward_declarations
    Feature record: CXX_FEATURE:1cxx_explicit_conversions
    Feature record: CXX_FEATURE:1cxx_extended_friend_declarations
    Feature record: CXX_FEATURE:1cxx_extern_templates
    Feature record: CXX_FEATURE:1cxx_final
    Feature record: CXX_FEATURE:1cxx_func_identifier
    Feature record: CXX_FEATURE:1cxx_generalized_initializers
    Feature record: CXX_FEATURE:0cxx_generic_lambdas
    Feature record: CXX_FEATURE:1cxx_inheriting_constructors
    Feature record: CXX_FEATURE:1cxx_inline_namespaces
    Feature record: CXX_FEATURE:1cxx_lambdas
    Feature record: CXX_FEATURE:0cxx_lambda_init_captures
    Feature record: CXX_FEATURE:1cxx_local_type_template_args
    Feature record: CXX_FEATURE:1cxx_long_long_type
    Feature record: CXX_FEATURE:1cxx_noexcept
    Feature record: CXX_FEATURE:1cxx_nonstatic_member_init
    Feature record: CXX_FEATURE:1cxx_nullptr
    Feature record: CXX_FEATURE:1cxx_override
    Feature record: CXX_FEATURE:1cxx_range_for
    Feature record: CXX_FEATURE:1cxx_raw_string_literals
    Feature record: CXX_FEATURE:1cxx_reference_qualified_functions
    Feature record: CXX_FEATURE:0cxx_relaxed_constexpr
    Feature record: CXX_FEATURE:0cxx_return_type_deduction
    Feature record: CXX_FEATURE:1cxx_right_angle_brackets
    Feature record: CXX_FEATURE:1cxx_rvalue_references
    Feature record: CXX_FEATURE:1cxx_sizeof_member
    Feature record: CXX_FEATURE:1cxx_static_assert
    Feature record: CXX_FEATURE:1cxx_strong_enums
    Feature record: CXX_FEATURE:1cxx_template_template_parameters
    Feature record: CXX_FEATURE:1cxx_thread_local
    Feature record: CXX_FEATURE:1cxx_trailing_return_types
    Feature record: CXX_FEATURE:1cxx_unicode_literals
    Feature record: CXX_FEATURE:1cxx_uniform_initialization
    Feature record: CXX_FEATURE:1cxx_unrestricted_unions
    Feature record: CXX_FEATURE:1cxx_user_literals
    Feature record: CXX_FEATURE:0cxx_variable_templates
    Feature record: CXX_FEATURE:1cxx_variadic_macros
    Feature record: CXX_FEATURE:1cxx_variadic_templates


Detecting CXX [-std=c++98] compiler features compiled with the following output:
Change Dir: /home/travis/build/tnovits/print_ip/CMakeFiles/CMakeTmp

Run Build Command:"/usr/bin/make" "cmTC_fbe70/fast"
/usr/bin/make -f CMakeFiles/cmTC_fbe70.dir/build.make CMakeFiles/cmTC_fbe70.dir/build
make[1]: Entering directory '/home/travis/build/tnovits/print_ip/CMakeFiles/CMakeTmp'
Building CXX object CMakeFiles/cmTC_fbe70.dir/feature_tests.cxx.o
/usr/local/clang-7.0.0/bin/clang++    -std=c++98 -o CMakeFiles/cmTC_fbe70.dir/feature_tests.cxx.o -c /home/travis/build/tnovits/print_ip/CMakeFiles/feature_tests.cxx
Linking CXX executable cmTC_fbe70
/usr/local/cmake-3.12.4/bin/cmake -E cmake_link_script CMakeFiles/cmTC_fbe70.dir/link.txt --verbose=1
/usr/local/clang-7.0.0/bin/clang++       CMakeFiles/cmTC_fbe70.dir/feature_tests.cxx.o  -o cmTC_fbe70 
make[1]: Leaving directory '/home/travis/build/tnovits/print_ip/CMakeFiles/CMakeTmp'


    Feature record: CXX_FEATURE:0cxx_aggregate_default_initializers
    Feature record: CXX_FEATURE:0cxx_alias_templates
    Feature record: CXX_FEATURE:0cxx_alignas
    Feature record: CXX_FEATURE:0cxx_alignof
    Feature record: CXX_FEATURE:0cxx_attributes
    Feature record: CXX_FEATURE:0cxx_attribute_deprecated
    Feature record: CXX_FEATURE:0cxx_auto_type
    Feature record: CXX_FEATURE:0cxx_binary_literals
    Feature record: CXX_FEATURE:0cxx_constexpr
    Feature record: CXX_FEATURE:0cxx_contextual_conversions
    Feature record: CXX_FEATURE:0cxx_decltype
    Feature record: CXX_FEATURE:0cxx_decltype_auto
    Feature record: CXX_FEATURE:0cxx_decltype_incomplete_return_types
    Feature record: CXX_FEATURE:0cxx_default_function_template_args
    Feature record: CXX_FEATURE:0cxx_defaulted_functions
    Feature record: CXX_FEATURE:0cxx_defaulted_move_initializers
    Feature record: CXX_FEATURE:0cxx_delegating_constructors
    Feature record: CXX_FEATURE:0cxx_deleted_functions
    Feature record: CXX_FEATURE:0cxx_digit_separators
    Feature record: CXX_FEATURE:0cxx_enum_forward_declarations
    Feature record: CXX_FEATURE:0cxx_explicit_conversions
    Feature record: CXX_FEATURE:0cxx_extended_friend_declarations
    Feature record: CXX_FEATURE:0cxx_extern_templates
    Feature record: CXX_FEATURE:0cxx_final
    Feature record: CXX_FEATURE:0cxx_func_identifier
    Feature record: CXX_FEATURE:0cxx_generalized_initializers
    Feature record: CXX_FEATURE:0cxx_generic_lambdas
    Feature record: CXX_FEATURE:0cxx_inheriting_constructors
    Feature record: CXX_FEATURE:0cxx_inline_namespaces
    Feature record: CXX_FEATURE:0cxx_lambdas
    Feature record: CXX_FEATURE:0cxx_lambda_init_captures
    Feature record: CXX_FEATURE:0cxx_local_type_template_args
    Feature record: CXX_FEATURE:0cxx_long_long_type
    Feature record: CXX_FEATURE:0cxx_noexcept
    Feature record: CXX_FEATURE:0cxx_nonstatic_member_init
    Feature record: CXX_FEATURE:0cxx_nullptr
    Feature record: CXX_FEATURE:0cxx_override
    Feature record: CXX_FEATURE:0cxx_range_for
    Feature record: CXX_FEATURE:0cxx_raw_string_literals
    Feature record: CXX_FEATURE:0cxx_reference_qualified_functions
    Feature record: CXX_FEATURE:0cxx_relaxed_constexpr
    Feature record: CXX_FEATURE:0cxx_return_type_deduction
    Feature record: CXX_FEATURE:0cxx_right_angle_brackets
    Feature record: CXX_FEATURE:0cxx_rvalue_references
    Feature record: CXX_FEATURE:0cxx_sizeof_member
    Feature record: CXX_FEATURE:0cxx_static_assert
    Feature record: CXX_FEATURE:0cxx_strong_enums
    Feature record: CXX_FEATURE:1cxx_template_template_parameters
    Feature record: CXX_FEATURE:0cxx_thread_local
    Feature record: CXX_FEATURE:0cxx_trailing_return_types
    Feature record: CXX_FEATURE:0cxx_unicode_literals
    Feature record: CXX_FEATURE:0cxx_uniform_initialization
    Feature record: CXX_FEATURE:0cxx_unrestricted_unions
    Feature record: CXX_FEATURE:0cxx_user_literals
    Feature record: CXX_FEATURE:0cxx_variable_templates
    Feature record: CXX_FEATURE:0cxx_variadic_macros
    Feature record: CXX_FEATURE:0cxx_variadic_templates
